0,1.0502,0.0001,2.012200117111206,1.0502,2.012200117111206,1
1,1.0056,0.0001,2.0016000270843506,1.0279,2.0069000720977783,0.87
2,0.8646,0.0001,2.0306999683380127,0.9735,2.0148000717163086,0.7569
3,0.9672,0.0001,1.9903000593185425,0.9719,2.008699893951416,0.6585
4,0.8355,0.0001,1.9986000061035156,0.9446,2.006700038909912,0.5729
5,0.7428,0.0001,1.996399998664856,0.911,2.005000114440918,0.4984
6,0.7915,0.0001,1.9951000213623047,0.8939,2.0035998821258545,0.4336
7,0.8911,0.0001,1.9664000272750854,0.8936,1.998900055885315,0.3772
8,0.7759,0.0001,2.0536999702453613,0.8805,2.005000114440918,0.3282
9,0.7581,0.0001,1.9912999868392944,0.8682,2.0035998821258545,0.2855
10,1.1103,9e-05,1.989799976348877,0.8903,2.0023999214172363,0.2484
11,0.9593,9e-05,1.9462000131607056,0.896,1.9976999759674072,0.2161
12,0.832,9e-05,1.9733999967575073,0.8911,1.9958000183105469,0.2053
13,0.8,9e-05,1.9759999513626099,0.8846,1.9944000244140625,0.195
14,0.7679,9e-05,1.9703999757766724,0.8768,1.992799997329712,0.1852
15,1.0775,9e-05,1.976199984550476,0.8893,1.9917999505996704,0.1759
16,0.8696,9e-05,1.9859999418258667,0.8882,1.9914000034332275,0.1671
17,0.8363,9e-05,2.0072999000549316,0.8853,1.992300033569336,0.1587
18,0.7024,9e-05,1.9878000020980835,0.8757,1.9921000003814697,0.1508
19,0.9827,9e-05,1.961300015449524,0.881,1.9904999732971191,0.1433
20,0.7956,8.1e-05,2.0025999546051025,0.877,1.9910999536514282,0.1361
21,0.8193,8.1e-05,1.967900037765503,0.8743,1.9901000261306763,0.1293
22,0.8946,8.1e-05,1.9876999855041504,0.8752,1.9900000095367432,0.1228
23,0.6699,8.1e-05,1.98580002784729,0.8667,1.989799976348877,0.1167
24,0.7838,8.1e-05,1.9947999715805054,0.8633,1.9900000095367432,0.1109
25,0.758,8.1e-05,1.9782999753952026,0.8517,1.9886000156402588,0.1054
26,0.8141,8.1e-05,1.968500018119812,0.844,1.9873000383377075,0.1001
27,0.8964,8.1e-05,1.9853999614715576,0.8453,1.9854999780654907,0.0951
28,0.8192,8.1e-05,1.9765000343322754,0.8394,1.9848999977111816,0.0903
29,0.7797,8.1e-05,2.015000104904175,0.8371,1.9855999946594238,0.0858
30,0.7262,7.290000000000001e-05,1.9901000261306763,0.8365,1.9852999448776245,0.0815
31,0.7422,7.290000000000001e-05,1.9213000535964966,0.8345,1.9823999404907227,0.0774
32,0.6977,7.290000000000001e-05,1.9709999561309814,0.8267,1.9825999736785889,0.0735
33,0.6448,7.290000000000001e-05,1.9788000583648682,0.8215,1.979599952697754,0.0698
34,0.7487,7.290000000000001e-05,1.9352999925613403,0.8211,1.9773000478744507,0.0663
35,0.504,7.290000000000001e-05,1.9183000326156616,0.7969,1.9744999408721924,0.063
36,0.8857,7.290000000000001e-05,1.9485000371932983,0.7939,1.9745999574661255,0.0599
37,1.0208,7.290000000000001e-05,1.9776999950408936,0.8015,1.9746999740600586,0.0569
38,0.7426,7.290000000000001e-05,1.9320000410079956,0.7992,1.9730000495910645,0.0541
39,0.7615,7.290000000000001e-05,1.9256999492645264,0.7989,1.9711999893188477,0.0514
40,0.8173,6.561000000000002e-05,1.9744000434875488,0.7885,1.9710999727249146,0.0488
41,0.7924,6.561000000000002e-05,1.9453999996185303,0.7854,1.969499945640564,0.0464
42,0.7094,6.561000000000002e-05,1.9263999462127686,0.7804,1.9663000106811523,0.0441
43,0.9226,6.561000000000002e-05,1.9465999603271484,0.7892,1.9645999670028687,0.0419
44,0.9585,6.561000000000002e-05,1.905400037765503,0.7882,1.962399959564209,0.0398
45,0.7801,6.561000000000002e-05,1.944700002670288,0.7876,1.9601000547409058,0.0378
46,0.7903,6.561000000000002e-05,1.9471999406814575,0.7864,1.9592000246047974,0.0359
47,0.6205,6.561000000000002e-05,1.9602999687194824,0.7755,1.9580999612808228,0.0341
48,0.6634,6.561000000000002e-05,1.9567999839782715,0.7752,1.9570000171661377,0.0324
49,0.7777,6.561000000000002e-05,1.9438999891281128,0.775,1.9549000263214111,0.0308
50,0.8175,5.904900000000002e-05,1.9010000228881836,0.7773,1.951799988746643,0.0293
51,1.047,5.904900000000002e-05,1.9157999753952026,0.7866,1.9496999979019165,0.0278
52,0.903,5.904900000000002e-05,1.9180999994277954,0.7869,1.9470000267028809,0.0264
53,0.935,5.904900000000002e-05,1.9843000173568726,0.7915,1.9473999738693237,0.0251
54,0.8477,5.904900000000002e-05,1.9355000257492065,0.7943,1.944200038909912,0.0238
55,0.9185,5.904900000000002e-05,1.9357999563217163,0.802,1.9420000314712524,0.0226
56,0.6275,5.904900000000002e-05,1.9753999710083008,0.7974,1.944200038909912,0.0215
57,0.58,5.904900000000002e-05,1.917799949645996,0.7927,1.9420000314712524,0.0204
58,1.3361,5.904900000000002e-05,1.9023000001907349,0.8203,1.9390000104904175,0.0194
59,0.7784,5.904900000000002e-05,1.9400999546051025,0.8215,1.9392000436782837,0.0184
60,0.6694,5.314410000000002e-05,1.9431999921798706,0.8281,1.9401999711990356,0.0175
61,0.8391,5.314410000000002e-05,1.944700002670288,0.8263,1.940000057220459,0.0166
62,0.8063,5.314410000000002e-05,1.920300006866455,0.8177,1.9377000331878662,0.0158
63,0.8244,5.314410000000002e-05,1.9097000360488892,0.8209,1.9368000030517578,0.015
64,0.8588,5.314410000000002e-05,1.9287999868392944,0.8248,1.937000036239624,0.0142
65,0.739,5.314410000000002e-05,1.9311000108718872,0.8217,1.9351999759674072,0.0135
66,0.5577,5.314410000000002e-05,1.905500054359436,0.8123,1.9335999488830566,0.0128
67,0.874,5.314410000000002e-05,1.8920999765396118,0.8189,1.9322999715805054,0.0122
68,0.7466,5.314410000000002e-05,1.9586999416351318,0.8119,1.9327000379562378,0.0116
69,1.0177,5.314410000000002e-05,1.9433000087738037,0.8142,1.9342999458312988,0.011
70,0.8697,4.782969000000002e-05,1.9545999765396118,0.8178,1.9347000122070312,0.0104
71,0.8434,4.782969000000002e-05,1.9124000072479248,0.8199,1.9333000183105469,0.0099
72,0.9543,4.782969000000002e-05,1.8898999691009521,0.8333,1.930400013923645,0.0094
73,0.8377,4.782969000000002e-05,1.9455000162124634,0.8403,1.9299999475479126,0.0089
74,0.8827,4.782969000000002e-05,1.8747999668121338,0.8445,1.9271999597549438,0.0085
75,0.8325,4.782969000000002e-05,1.9378999471664429,0.8451,1.9286999702453613,0.0081
76,1.1466,4.782969000000002e-05,1.9758000373840332,0.849,1.9311000108718872,0.0077
77,0.7484,4.782969000000002e-05,1.8883999586105347,0.8429,1.929900050163269,0.0073
78,1.0575,4.782969000000002e-05,1.9534000158309937,0.8478,1.9286999702453613,0.0069
79,0.867,4.782969000000002e-05,1.990399956703186,0.8485,1.930899977684021,0.0066
80,0.9782,4.304672100000002e-05,1.9336999654769897,0.8509,1.930799961090088,0.0063
81,1.0194,4.304672100000002e-05,1.9471999406814575,0.8666,1.9297000169754028,0.006
82,0.8689,4.304672100000002e-05,1.955199956893921,0.8782,1.9312000274658203,0.0057
83,0.7856,4.304672100000002e-05,1.957800030708313,0.8561,1.93340003490448,0.0054
84,0.7983,4.304672100000002e-05,1.9148000478744507,0.8569,1.9323999881744385,0.0051
85,0.9788,4.304672100000002e-05,1.941499948501587,0.8693,1.9322999715805054,0.005
86,1.0442,4.304672100000002e-05,1.9952000379562378,0.8775,1.9342999458312988,0.005
87,0.5996,4.304672100000002e-05,1.9422999620437622,0.8692,1.9351999759674072,0.005
88,0.8589,4.304672100000002e-05,1.9362000226974487,0.8706,1.9363000392913818,0.005
89,0.8887,4.304672100000002e-05,1.951799988746643,0.8718,1.9371999502182007,0.005
90,1.1689,3.874204890000002e-05,1.920199990272522,0.889,1.9366999864578247,0.005
91,0.8378,3.874204890000002e-05,1.9500999450683594,0.9002,1.9385000467300415,0.005
92,0.9855,3.874204890000002e-05,1.9163999557495117,0.9047,1.9394999742507935,0.005
93,0.9042,3.874204890000002e-05,1.9630000591278076,0.911,1.9397000074386597,0.005
94,0.8017,3.874204890000002e-05,1.938099980354309,0.9023,1.9394999742507935,0.005
95,0.8512,3.874204890000002e-05,1.920699954032898,0.9016,1.938099980354309,0.005
96,0.8946,3.874204890000002e-05,1.965399980545044,0.9036,1.9401999711990356,0.005
97,0.8053,3.874204890000002e-05,1.923699975013733,0.8977,1.94159996509552,0.005
98,0.8245,3.874204890000002e-05,1.9488999843597412,0.8972,1.9416999816894531,0.005
99,0.6214,3.874204890000002e-05,1.9393999576568604,0.8867,1.9443000555038452,0.005
100,0.8241,3.4867844010000016e-05,1.9656000137329102,0.8864,1.9453999996185303,0.005
101,0.8398,3.4867844010000016e-05,1.9366999864578247,0.8741,1.9437999725341797,0.005
102,1.0119,3.4867844010000016e-05,1.9780000448226929,0.8846,1.9473999738693237,0.005
103,0.7907,3.4867844010000016e-05,1.9325000047683716,0.874,1.9465999603271484,0.005
104,0.8306,3.4867844010000016e-05,1.955199956893921,0.8725,1.945199966430664,0.005
105,0.8332,3.4867844010000016e-05,1.9249999523162842,0.8667,1.9448000192642212,0.005
106,0.7693,3.4867844010000016e-05,1.9644999504089355,0.8567,1.9455000162124634,0.005
107,0.785,3.4867844010000016e-05,2.0109000205993652,0.8534,1.9478000402450562,0.005
108,0.8133,3.4867844010000016e-05,1.9364999532699585,0.8545,1.9469000101089478,0.005
109,0.8894,3.4867844010000016e-05,2.0011000633239746,0.8581,1.9503999948501587,0.005
110,0.87,3.138105960900002e-05,1.94159996509552,0.8538,1.9503999948501587,0.005
111,0.7329,3.138105960900002e-05,1.9652999639511108,0.8413,1.9492000341415405,0.005
112,0.9245,3.138105960900002e-05,1.9717999696731567,0.8543,1.9502999782562256,0.005
113,0.8015,3.138105960900002e-05,1.9757000207901,0.852,1.9519000053405762,0.005
114,0.6998,3.138105960900002e-05,1.9550000429153442,0.8444,1.9521000385284424,0.005
115,0.7999,3.138105960900002e-05,1.9444999694824219,0.8297,1.9529999494552612,0.005
